<?xml version="1.0" encoding="UTF-8"?>
<!-- Generated by org.testng.reporters.JUnitReportReporter -->
<testsuite skipped="0" hostname="LAPTOP-E4TO9P97" name="Testcases.Railway.TC11" tests="1" failures="0" timestamp="2022-01-06T16:27:21 ICT" time="7.742" errors="0">
  <testcase name="TC11" time="7.742" classname="Testcases.Railway.TC11"/>
  <system-out/>
</testsuite> <!-- Testcases.Railway.TC11 -->
