<?xml version="1.0" encoding="UTF-8"?>
<!-- Generated by org.testng.reporters.JUnitReportReporter -->
<testsuite skipped="0" hostname="LAPTOP-E4TO9P97" name="Testcases.Railway.TC02" tests="1" failures="0" timestamp="2022-01-06T16:01:02 ICT" time="8.026" errors="0">
  <testcase name="TC02" time="8.026" classname="Testcases.Railway.TC02"/>
  <system-out/>
</testsuite> <!-- Testcases.Railway.TC02 -->
