<?xml version="1.0" encoding="UTF-8"?>
<!-- Generated by org.testng.reporters.JUnitReportReporter -->
<testsuite skipped="0" hostname="LAPTOP-E4TO9P97" name="Testcases.Railway.TC06" tests="1" failures="0" timestamp="2022-01-06T16:16:38 ICT" time="10.173" errors="0">
  <testcase name="TC06" time="10.173" classname="Testcases.Railway.TC06"/>
  <system-out/>
</testsuite> <!-- Testcases.Railway.TC06 -->
