<?xml version="1.0" encoding="UTF-8"?>
<!-- Generated by org.testng.reporters.JUnitReportReporter -->
<testsuite skipped="0" hostname="LAPTOP-E4TO9P97" name="Testcases.Railway.TC08" tests="1" failures="0" timestamp="2022-01-06T16:23:47 ICT" time="6.918" errors="0">
  <testcase name="TC08" time="6.918" classname="Testcases.Railway.TC08"/>
  <system-out/>
</testsuite> <!-- Testcases.Railway.TC08 -->
