<?xml version="1.0" encoding="UTF-8"?>
<!-- Generated by org.testng.reporters.JUnitReportReporter -->
<testsuite skipped="0" hostname="LAPTOP-E4TO9P97" name="Testcases.Railway.TC01" tests="1" failures="0" timestamp="2022-01-06T16:00:40 ICT" time="8.631" errors="0">
  <testcase name="TC01" time="8.631" classname="Testcases.Railway.TC01"/>
  <system-out/>
</testsuite> <!-- Testcases.Railway.TC01 -->
